<?xml version="1.0" encoding="UTF-8"?>
<testsuite name="serviceTests.ReimbursementServiceTests" tests="1" skipped="0" failures="0" errors="0" timestamp="2021-03-10T14:28:37" hostname="DESKTOP-T6NR4LV" time="0.009">
  <properties/>
  <testcase name="get_manager_statistics_as_employee()" classname="serviceTests.ReimbursementServiceTests" time="0.009"/>
  <system-out><![CDATA[]]></system-out>
  <system-err><![CDATA[]]></system-err>
</testsuite>
