<?xml version="1.0" encoding="UTF-8"?>
<testsuite name="serviceTests.ReimbursementServiceTests" tests="14" skipped="0" failures="0" errors="0" timestamp="2021-03-15T14:15:04" hostname="DESKTOP-11I12O9" time="16.027">
  <properties/>
  <testcase name="get_user()" classname="serviceTests.ReimbursementServiceTests" time="2.232"/>
  <testcase name="get_all_expenses()" classname="serviceTests.ReimbursementServiceTests" time="0.926"/>
  <testcase name="get_all_expenses_illegal_access_exception()" classname="serviceTests.ReimbursementServiceTests" time="0.02"/>
  <testcase name="get_expense()" classname="serviceTests.ReimbursementServiceTests" time="0.937"/>
  <testcase name="get_expense_2()" classname="serviceTests.ReimbursementServiceTests" time="0.933"/>
  <testcase name="get_expense_3()" classname="serviceTests.ReimbursementServiceTests" time="0.92"/>
  <testcase name="create_expense()" classname="serviceTests.ReimbursementServiceTests" time="0.918"/>
  <testcase name="update_expense()" classname="serviceTests.ReimbursementServiceTests" time="2.719"/>
  <testcase name="update_expense_2()" classname="serviceTests.ReimbursementServiceTests" time="0.908"/>
  <testcase name="update_expense_3()" classname="serviceTests.ReimbursementServiceTests" time="0.903"/>
  <testcase name="update_expense_4()" classname="serviceTests.ReimbursementServiceTests" time="1.79"/>
  <testcase name="update_expense_5()" classname="serviceTests.ReimbursementServiceTests" time="1.866"/>
  <testcase name="get_manager_statistics()" classname="serviceTests.ReimbursementServiceTests" time="0.93"/>
  <testcase name="get_manager_statistics_as_employee()" classname="serviceTests.ReimbursementServiceTests" time="0.004"/>
  <system-out><![CDATA[User is not permitted to access all expenses
User is not permitted to access the indicated expense
Manager must change status if they are updating another's request.
ManagerStatistics{totalReimbursed=0, approvedCount=0, deniedCount=2, userId=2}
]]></system-out>
  <system-err><![CDATA[]]></system-err>
</testsuite>
